# JRE version: OpenJDK Runtime Environment (17.0.11) (build 17.0.11+0-17.0.11b1207.24-11852314)
# Java VM: OpenJDK 64-Bit Server VM (17.0.11+0-17.0.11b1207.24-11852314, mixed mode, tiered, compressed oops, compressed class ptrs, g1 gc, linux-amd64)
GC Precious Log:
 CPUs: 8 total, 8 available
 Memory: 15925M
 Large Page Support: Disabled
 NUMA Support: Disabled
 Compressed Oops: Enabled (32-bit)
 Heap Region Size: 1M
 Heap Min Capacity: 8M
 Heap Initial Capacity: 250M
 Heap Max Capacity: 2G
 Pre-touch: Disabled
 Parallel Workers: 8
 Concurrent Workers: 2
 Concurrent Refinement Workers: 8
 Periodic GC: Disabled
Heap:
 garbage-first heap   total 121856K, used 82969K [0x0000000080000000, 0x0000000100000000)
  region size 1024K, 4 young (4096K), 2 survivors (2048K)
 Metaspace       used 77940K, committed 78592K, reserved 1179648K
  class space    used 10373K, committed 10688K, reserved 1048576K
GC Heap History (20 events):
Event: 6.229 GC heap after
{Heap after GC invocations=18 (full 0):
 garbage-first heap   total 101376K, used 54914K [0x0000000080000000, 0x0000000100000000)
  region size 1024K, 5 young (5120K), 5 survivors (5120K)
 Metaspace       used 64560K, committed 65024K, reserved 1114112K
  class space    used 8717K, committed 8896K, reserved 1048576K
}
Event: 6.488 GC heap before
{Heap before GC invocations=19 (full 0):
 garbage-first heap   total 101376K, used 72322K [0x0000000080000000, 0x0000000100000000)
  region size 1024K, 22 young (22528K), 5 survivors (5120K)
 Metaspace       used 65840K, committed 66432K, reserved 1114112K
  class space    used 8890K, committed 9152K, reserved 1048576K
}
Event: 6.491 GC heap after
{Heap after GC invocations=20 (full 0):
 garbage-first heap   total 101376K, used 58063K [0x0000000080000000, 0x0000000100000000)
  region size 1024K, 2 young (2048K), 2 survivors (2048K)
 Metaspace       used 65840K, committed 66432K, reserved 1114112K
  class space    used 8890K, committed 9152K, reserved 1048576K
}
Event: 6.784 GC heap before
{Heap before GC invocations=21 (full 0):
 garbage-first heap   total 104448K, used 78543K [0x0000000080000000, 0x0000000100000000)
  region size 1024K, 22 young (22528K), 2 survivors (2048K)
 Metaspace       used 67482K, committed 68096K, reserved 1114112K
  class space    used 9121K, committed 9408K, reserved 1048576K
}
Event: 6.786 GC heap after
{Heap after GC invocations=22 (full 0):
 garbage-first heap   total 104448K, used 59135K [0x0000000080000000, 0x0000000100000000)
  region size 1024K, 2 young (2048K), 2 survivors (2048K)
 Metaspace       used 67482K, committed 68096K, reserved 1114112K
  class space    used 9121K, committed 9408K, reserved 1048576K
}
Event: 7.098 GC heap before
{Heap before GC invocations=22 (full 0):
 garbage-first heap   total 104448K, used 80639K [0x0000000080000000, 0x0000000100000000)
  region size 1024K, 24 young (24576K), 2 survivors (2048K)
 Metaspace       used 69710K, committed 70272K, reserved 1114112K
  class space    used 9351K, committed 9600K, reserved 1048576K
}
Event: 7.100 GC heap after
{Heap after GC invocations=23 (full 0):
 garbage-first heap   total 104448K, used 59678K [0x0000000080000000, 0x0000000100000000)
  region size 1024K, 2 young (2048K), 2 survivors (2048K)
 Metaspace       used 69710K, committed 70272K, reserved 1114112K
  class space    used 9351K, committed 9600K, reserved 1048576K
}
Event: 7.403 GC heap before
{Heap before GC invocations=24 (full 0):
 garbage-first heap   total 109568K, used 81182K [0x0000000080000000, 0x0000000100000000)
  region size 1024K, 24 young (24576K), 2 survivors (2048K)
 Metaspace       used 72345K, committed 72896K, reserved 1114112K
  class space    used 9640K, committed 9856K, reserved 1048576K
}
Event: 7.405 GC heap after
{Heap after GC invocations=25 (full 0):
 garbage-first heap   total 109568K, used 60213K [0x0000000080000000, 0x0000000100000000)
  region size 1024K, 2 young (2048K), 2 survivors (2048K)
 Metaspace       used 72345K, committed 72896K, reserved 1114112K
  class space    used 9640K, committed 9856K, reserved 1048576K
}
Event: 7.782 GC heap before
{Heap before GC invocations=25 (full 0):
 garbage-first heap   total 109568K, used 87861K [0x0000000080000000, 0x0000000100000000)
  region size 1024K, 29 young (29696K), 2 survivors (2048K)
 Metaspace       used 75163K, committed 75840K, reserved 1179648K
  class space    used 10065K, committed 10368K, reserved 1048576K
}
Event: 7.786 GC heap after
{Heap after GC invocations=26 (full 0):
 garbage-first heap   total 109568K, used 61227K [0x0000000080000000, 0x0000000100000000)
  region size 1024K, 3 young (3072K), 3 survivors (3072K)
 Metaspace       used 75163K, committed 75840K, reserved 1179648K
  class space    used 10065K, committed 10368K, reserved 1048576K
}
Event: 33.498 GC heap before
{Heap before GC invocations=27 (full 0):
 garbage-first heap   total 112640K, used 88875K [0x0000000080000000, 0x0000000100000000)
  region size 1024K, 30 young (30720K), 3 survivors (3072K)
 Metaspace       used 76586K, committed 77248K, reserved 1179648K
  class space    used 10250K, committed 10560K, reserved 1048576K
}
Event: 33.515 GC heap after
{Heap after GC invocations=28 (full 0):
 garbage-first heap   total 112640K, used 65280K [0x0000000080000000, 0x0000000100000000)
  region size 1024K, 4 young (4096K), 4 survivors (4096K)
 Metaspace       used 76586K, committed 77248K, reserved 1179648K
  class space    used 10250K, committed 10560K, reserved 1048576K
}
Event: 74.046 GC heap before
{Heap before GC invocations=28 (full 0):
 garbage-first heap   total 112640K, used 91904K [0x0000000080000000, 0x0000000100000000)
  region size 1024K, 30 young (30720K), 4 survivors (4096K)
 Metaspace       used 77142K, committed 77760K, reserved 1179648K
  class space    used 10284K, committed 10560K, reserved 1048576K
}
Event: 74.095 GC heap after
{Heap after GC invocations=29 (full 0):
 garbage-first heap   total 112640K, used 68810K [0x0000000080000000, 0x0000000100000000)
  region size 1024K, 4 young (4096K), 4 survivors (4096K)
 Metaspace       used 77142K, committed 77760K, reserved 1179648K
  class space    used 10284K, committed 10560K, reserved 1048576K
}
Event: 147.934 GC heap before
{Heap before GC invocations=30 (full 0):
 garbage-first heap   total 121856K, used 99530K [0x0000000080000000, 0x0000000100000000)
  region size 1024K, 27 young (27648K), 4 survivors (4096K)
 Metaspace       used 77588K, committed 78272K, reserved 1179648K
  class space    used 10316K, committed 10624K, reserved 1048576K
}
Event: 147.936 GC heap after
{Heap after GC invocations=31 (full 0):
 garbage-first heap   total 121856K, used 76838K [0x0000000080000000, 0x0000000100000000)
  region size 1024K, 2 young (2048K), 2 survivors (2048K)
 Metaspace       used 77588K, committed 78272K, reserved 1179648K
  class space    used 10316K, committed 10624K, reserved 1048576K
}
Event: 147.993 GC heap before
{Heap before GC invocations=31 (full 0):
 garbage-first heap   total 121856K, used 81958K [0x0000000080000000, 0x0000000100000000)
  region size 1024K, 5 young (5120K), 2 survivors (2048K)
 Metaspace       used 77789K, committed 78464K, reserved 1179648K
  class space    used 10351K, committed 10688K, reserved 1048576K
}
Event: 147.995 GC heap after
{Heap after GC invocations=32 (full 0):
 garbage-first heap   total 121856K, used 81011K [0x0000000080000000, 0x0000000100000000)
  region size 1024K, 1 young (1024K), 1 survivors (1024K)
 Metaspace       used 77789K, committed 78464K, reserved 1179648K
  class space    used 10351K, committed 10688K, reserved 1048576K
}
Event: 148.024 GC heap before
{Heap before GC invocations=32 (full 0):
 garbage-first heap   total 121856K, used 82035K [0x0000000080000000, 0x0000000100000000)
  region size 1024K, 3 young (3072K), 1 survivors (1024K)
 Metaspace       used 77940K, committed 78592K, reserved 1179648K
  class space    used 10373K, committed 10688K, reserved 1048576K
}

